<?xml version="1.0" encoding="UTF-8"?>
<!-- Generated by org.testng.reporters.JUnitReportReporter -->
<testsuite hostname="LAPTOP-FGD3EJF1" failures="0" tests="1" name="Entratasite.testClass" time="90.669" errors="0" timestamp="2024-02-22T16:07:45 IST" skipped="0">
  <testcase classname="Entratasite.testClass" name="HomePagetst" time="90.669"/>
  <system-out/>
</testsuite> <!-- Entratasite.testClass -->
